Command line invocation:
    /Applications/Xcode.app/Contents/Developer/usr/bin/xcodebuild test -project BianLunMiao.xcodeproj -scheme BianLunMiao -destination "platform=iOS Simulator,name=iPhone 17 Pro" "-only-testing:BianLunMiaoUITests/testMessageTabShowsFlatFeedAndCanOpenJoinRequestDetail" CODE_SIGNING_ALLOWED=NO

Build settings from command line:
    CODE_SIGNING_ALLOWED = NO

2026-02-16 19:17:08.161 xcodebuild[52919:8090065] [MT] IDERunDestination: Supported platforms for the buildables in the current scheme is empty.
ComputePackagePrebuildTargetDependencyGraph

Prepare packages

CreateBuildRequest

SendProjectDescription

CreateBuildOperation

ComputeTargetDependencyGraph
note: Building targets in dependency order
note: Target dependency graph (3 targets)
    Target 'BianLunMiaoUITests' in project 'BianLunMiao'
        ➜ Explicit dependency on target 'BianLunMiao' in project 'BianLunMiao'
    Target 'BianLunMiaoTests' in project 'BianLunMiao'
        ➜ Explicit dependency on target 'BianLunMiao' in project 'BianLunMiao'
    Target 'BianLunMiao' in project 'BianLunMiao' (no dependencies)

GatherProvisioningInputs

CreateBuildDescription

ExecuteExternalTool /Applications/Xcode.app/Contents/Developer/Toolchains/XcodeDefault.xctoolchain/usr/bin/clang -v -E -dM -isysroot /Applications/Xcode.app/Contents/Developer/Platforms/iPhoneSimulator.platform/Developer/SDKs/iPhoneSimulator26.2.sdk -x c -c /dev/null

ExecuteExternalTool /Applications/Xcode.app/Contents/Developer/Toolchains/XcodeDefault.xctoolchain/usr/bin/swiftc --version

ExecuteExternalTool /Applications/Xcode.app/Contents/Developer/usr/bin/actool --print-asset-tag-combinations --output-format xml1 /Users/Icarus/Documents/project/bianlunmiao/bianlunmiao-ios/BianLunMiao/Assets.xcassets

ExecuteExternalTool /Applications/Xcode.app/Contents/Developer/usr/bin/actool --version --output-format xml1

ExecuteExternalTool /Applications/Xcode.app/Contents/Developer/Toolchains/XcodeDefault.xctoolchain/usr/bin/ld -version_details

Build description signature: 31e61cfa264a0498951d5b9ebf6cbf8d
Build description path: /Users/Icarus/Library/Developer/Xcode/DerivedData/BianLunMiao-fmhsqvggowcvsuabhfiazfzkcvtf/Build/Intermediates.noindex/XCBuildData/31e61cfa264a0498951d5b9ebf6cbf8d.xcbuilddata
ClangStatCache /Applications/Xcode.app/Contents/Developer/Toolchains/XcodeDefault.xctoolchain/usr/bin/clang-stat-cache /Applications/Xcode.app/Contents/Developer/Platforms/iPhoneSimulator.platform/Developer/SDKs/iPhoneSimulator26.2.sdk /Users/Icarus/Library/Developer/Xcode/DerivedData/SDKStatCaches.noindex/iphonesimulator26.2-23C53-7d00a8b37fbd7999ea79df8ebc024bf0.sdkstatcache
    cd /Users/Icarus/Documents/project/bianlunmiao/bianlunmiao-ios/BianLunMiao.xcodeproj
    /Applications/Xcode.app/Contents/Developer/Toolchains/XcodeDefault.xctoolchain/usr/bin/clang-stat-cache /Applications/Xcode.app/Contents/Developer/Platforms/iPhoneSimulator.platform/Developer/SDKs/iPhoneSimulator26.2.sdk -o /Users/Icarus/Library/Developer/Xcode/DerivedData/SDKStatCaches.noindex/iphonesimulator26.2-23C53-7d00a8b37fbd7999ea79df8ebc024bf0.sdkstatcache

note: Disabling hardened runtime with ad-hoc codesigning. (in target 'BianLunMiao' from project 'BianLunMiao')
ProcessInfoPlistFile /Users/Icarus/Library/Developer/Xcode/DerivedData/BianLunMiao-fmhsqvggowcvsuabhfiazfzkcvtf/Build/Products/Debug-iphonesimulator/BianLunMiao.app/Info.plist /Users/Icarus/Library/Developer/Xcode/DerivedData/BianLunMiao-fmhsqvggowcvsuabhfiazfzkcvtf/Build/Intermediates.noindex/BianLunMiao.build/Debug-iphonesimulator/BianLunMiao.build/empty-BianLunMiao.plist (in target 'BianLunMiao' from project 'BianLunMiao')
    cd /Users/Icarus/Documents/project/bianlunmiao/bianlunmiao-ios
    builtin-infoPlistUtility /Users/Icarus/Library/Developer/Xcode/DerivedData/BianLunMiao-fmhsqvggowcvsuabhfiazfzkcvtf/Build/Intermediates.noindex/BianLunMiao.build/Debug-iphonesimulator/BianLunMiao.build/empty-BianLunMiao.plist -producttype com.apple.product-type.application -genpkginfo /Users/Icarus/Library/Developer/Xcode/DerivedData/BianLunMiao-fmhsqvggowcvsuabhfiazfzkcvtf/Build/Products/Debug-iphonesimulator/BianLunMiao.app/PkgInfo -expandbuildsettings -format binary -platform iphonesimulator -additionalcontentfile /Users/Icarus/Library/Developer/Xcode/DerivedData/BianLunMiao-fmhsqvggowcvsuabhfiazfzkcvtf/Build/Intermediates.noindex/BianLunMiao.build/Debug-iphonesimulator/BianLunMiao.build/assetcatalog_generated_info.plist -o /Users/Icarus/Library/Developer/Xcode/DerivedData/BianLunMiao-fmhsqvggowcvsuabhfiazfzkcvtf/Build/Products/Debug-iphonesimulator/BianLunMiao.app/Info.plist

ProcessInfoPlistFile /Users/Icarus/Library/Developer/Xcode/DerivedData/BianLunMiao-fmhsqvggowcvsuabhfiazfzkcvtf/Build/Products/Debug-iphonesimulator/BianLunMiao.app/PlugIns/BianLunMiaoTests.xctest/Info.plist /Users/Icarus/Library/Developer/Xcode/DerivedData/BianLunMiao-fmhsqvggowcvsuabhfiazfzkcvtf/Build/Intermediates.noindex/BianLunMiao.build/Debug-iphonesimulator/BianLunMiaoTests.build/empty-BianLunMiaoTests.plist (in target 'BianLunMiaoTests' from project 'BianLunMiao')
    cd /Users/Icarus/Documents/project/bianlunmiao/bianlunmiao-ios
    builtin-infoPlistUtility /Users/Icarus/Library/Developer/Xcode/DerivedData/BianLunMiao-fmhsqvggowcvsuabhfiazfzkcvtf/Build/Intermediates.noindex/BianLunMiao.build/Debug-iphonesimulator/BianLunMiaoTests.build/empty-BianLunMiaoTests.plist -producttype com.apple.product-type.bundle.unit-test -expandbuildsettings -format binary -platform iphonesimulator -o /Users/Icarus/Library/Developer/Xcode/DerivedData/BianLunMiao-fmhsqvggowcvsuabhfiazfzkcvtf/Build/Products/Debug-iphonesimulator/BianLunMiao.app/PlugIns/BianLunMiaoTests.xctest/Info.plist

CopySwiftLibs /Users/Icarus/Library/Developer/Xcode/DerivedData/BianLunMiao-fmhsqvggowcvsuabhfiazfzkcvtf/Build/Products/Debug-iphonesimulator/BianLunMiao.app/PlugIns/BianLunMiaoTests.xctest (in target 'BianLunMiaoTests' from project 'BianLunMiao')
    cd /Users/Icarus/Documents/project/bianlunmiao/bianlunmiao-ios
    builtin-swiftStdLibTool --copy --verbose --scan-executable /Users/Icarus/Library/Developer/Xcode/DerivedData/BianLunMiao-fmhsqvggowcvsuabhfiazfzkcvtf/Build/Products/Debug-iphonesimulator/BianLunMiao.app/PlugIns/BianLunMiaoTests.xctest/BianLunMiaoTests --scan-folder /Users/Icarus/Library/Developer/Xcode/DerivedData/BianLunMiao-fmhsqvggowcvsuabhfiazfzkcvtf/Build/Products/Debug-iphonesimulator/BianLunMiao.app/PlugIns/BianLunMiaoTests.xctest/Frameworks --scan-folder /Users/Icarus/Library/Developer/Xcode/DerivedData/BianLunMiao-fmhsqvggowcvsuabhfiazfzkcvtf/Build/Products/Debug-iphonesimulator/BianLunMiao.app/PlugIns/BianLunMiaoTests.xctest/PlugIns --scan-folder /Users/Icarus/Library/Developer/Xcode/DerivedData/BianLunMiao-fmhsqvggowcvsuabhfiazfzkcvtf/Build/Products/Debug-iphonesimulator/BianLunMiao.app/PlugIns/BianLunMiaoTests.xctest/SystemExtensions --scan-folder /Users/Icarus/Library/Developer/Xcode/DerivedData/BianLunMiao-fmhsqvggowcvsuabhfiazfzkcvtf/Build/Products/Debug-iphonesimulator/BianLunMiao.app/PlugIns/BianLunMiaoTests.xctest/Extensions --platform iphonesimulator --toolchain /Applications/Xcode.app/Contents/Developer/Toolchains/XcodeDefault.xctoolchain --destination /Users/Icarus/Library/Developer/Xcode/DerivedData/BianLunMiao-fmhsqvggowcvsuabhfiazfzkcvtf/Build/Products/Debug-iphonesimulator/BianLunMiao.app/PlugIns/BianLunMiaoTests.xctest/Frameworks --strip-bitcode --scan-executable /Applications/Xcode.app/Contents/Developer/Platforms/iPhoneSimulator.platform/Developer/usr/lib/libXCTestSwiftSupport.dylib --strip-bitcode-tool /Applications/Xcode.app/Contents/Developer/Toolchains/XcodeDefault.xctoolchain/usr/bin/bitcode_strip --emit-dependency-info /Users/Icarus/Library/Developer/Xcode/DerivedData/BianLunMiao-fmhsqvggowcvsuabhfiazfzkcvtf/Build/Intermediates.noindex/BianLunMiao.build/Debug-iphonesimulator/BianLunMiaoTests.build/SwiftStdLibToolInputDependencies.dep --filter-for-swift-os
Ignoring --strip-bitcode because --sign was not passed

ProcessInfoPlistFile /Users/Icarus/Library/Developer/Xcode/DerivedData/BianLunMiao-fmhsqvggowcvsuabhfiazfzkcvtf/Build/Products/Debug-iphonesimulator/BianLunMiaoUITests-Runner.app/PlugIns/BianLunMiaoUITests.xctest/Info.plist /Users/Icarus/Library/Developer/Xcode/DerivedData/BianLunMiao-fmhsqvggowcvsuabhfiazfzkcvtf/Build/Intermediates.noindex/BianLunMiao.build/Debug-iphonesimulator/BianLunMiaoUITests.build/empty-BianLunMiaoUITests.plist (in target 'BianLunMiaoUITests' from project 'BianLunMiao')
    cd /Users/Icarus/Documents/project/bianlunmiao/bianlunmiao-ios
    builtin-infoPlistUtility /Users/Icarus/Library/Developer/Xcode/DerivedData/BianLunMiao-fmhsqvggowcvsuabhfiazfzkcvtf/Build/Intermediates.noindex/BianLunMiao.build/Debug-iphonesimulator/BianLunMiaoUITests.build/empty-BianLunMiaoUITests.plist -producttype com.apple.product-type.bundle.ui-testing -expandbuildsettings -format binary -platform iphonesimulator -additionalcontentfile /Users/Icarus/Library/Developer/Xcode/DerivedData/BianLunMiao-fmhsqvggowcvsuabhfiazfzkcvtf/Build/Intermediates.noindex/BianLunMiao.build/Debug-iphonesimulator/BianLunMiaoUITests.build/ProductTypeInfoPlistAdditions.plist -o /Users/Icarus/Library/Developer/Xcode/DerivedData/BianLunMiao-fmhsqvggowcvsuabhfiazfzkcvtf/Build/Products/Debug-iphonesimulator/BianLunMiaoUITests-Runner.app/PlugIns/BianLunMiaoUITests.xctest/Info.plist

CopySwiftLibs /Users/Icarus/Library/Developer/Xcode/DerivedData/BianLunMiao-fmhsqvggowcvsuabhfiazfzkcvtf/Build/Products/Debug-iphonesimulator/BianLunMiaoUITests-Runner.app/PlugIns/BianLunMiaoUITests.xctest (in target 'BianLunMiaoUITests' from project 'BianLunMiao')
    cd /Users/Icarus/Documents/project/bianlunmiao/bianlunmiao-ios
    builtin-swiftStdLibTool --copy --verbose --scan-executable /Users/Icarus/Library/Developer/Xcode/DerivedData/BianLunMiao-fmhsqvggowcvsuabhfiazfzkcvtf/Build/Products/Debug-iphonesimulator/BianLunMiaoUITests-Runner.app/PlugIns/BianLunMiaoUITests.xctest/BianLunMiaoUITests --scan-folder /Users/Icarus/Library/Developer/Xcode/DerivedData/BianLunMiao-fmhsqvggowcvsuabhfiazfzkcvtf/Build/Products/Debug-iphonesimulator/BianLunMiaoUITests-Runner.app/PlugIns/BianLunMiaoUITests.xctest/Frameworks --scan-folder /Users/Icarus/Library/Developer/Xcode/DerivedData/BianLunMiao-fmhsqvggowcvsuabhfiazfzkcvtf/Build/Products/Debug-iphonesimulator/BianLunMiaoUITests-Runner.app/PlugIns/BianLunMiaoUITests.xctest/PlugIns --scan-folder /Users/Icarus/Library/Developer/Xcode/DerivedData/BianLunMiao-fmhsqvggowcvsuabhfiazfzkcvtf/Build/Products/Debug-iphonesimulator/BianLunMiaoUITests-Runner.app/PlugIns/BianLunMiaoUITests.xctest/SystemExtensions --scan-folder /Users/Icarus/Library/Developer/Xcode/DerivedData/BianLunMiao-fmhsqvggowcvsuabhfiazfzkcvtf/Build/Products/Debug-iphonesimulator/BianLunMiaoUITests-Runner.app/PlugIns/BianLunMiaoUITests.xctest/Extensions --platform iphonesimulator --toolchain /Applications/Xcode.app/Contents/Developer/Toolchains/XcodeDefault.xctoolchain --destination /Users/Icarus/Library/Developer/Xcode/DerivedData/BianLunMiao-fmhsqvggowcvsuabhfiazfzkcvtf/Build/Products/Debug-iphonesimulator/BianLunMiaoUITests-Runner.app/PlugIns/BianLunMiaoUITests.xctest/Frameworks --strip-bitcode --scan-executable /Applications/Xcode.app/Contents/Developer/Platforms/iPhoneSimulator.platform/Developer/usr/lib/libXCTestSwiftSupport.dylib --strip-bitcode-tool /Applications/Xcode.app/Contents/Developer/Toolchains/XcodeDefault.xctoolchain/usr/bin/bitcode_strip --emit-dependency-info /Users/Icarus/Library/Developer/Xcode/DerivedData/BianLunMiao-fmhsqvggowcvsuabhfiazfzkcvtf/Build/Intermediates.noindex/BianLunMiao.build/Debug-iphonesimulator/BianLunMiaoUITests.build/SwiftStdLibToolInputDependencies.dep --filter-for-swift-os
Ignoring --strip-bitcode because --sign was not passed

2026-02-16 19:17:51.313 xcodebuild[52919:8090065] [MT] IDETestOperationsObserverDebug: 41.607 elapsed -- Testing started completed.
2026-02-16 19:17:51.313 xcodebuild[52919:8090065] [MT] IDETestOperationsObserverDebug: 0.000 sec, +0.000 sec -- start
2026-02-16 19:17:51.313 xcodebuild[52919:8090065] [MT] IDETestOperationsObserverDebug: 41.607 sec, +41.607 sec -- end

Test session results, code coverage, and logs:
	/Users/Icarus/Library/Developer/Xcode/DerivedData/BianLunMiao-fmhsqvggowcvsuabhfiazfzkcvtf/Logs/Test/Test-BianLunMiao-2026.02.16_19-17-08-+0800.xcresult

** TEST SUCCEEDED **

Testing started
