Linting Swift files in current working directory
Linting 'BianLunMiaoApp.swift' (1/65)
Linting 'TournamentPublishViewModel.swift' (3/65)
Linting 'ScheduleViewModel.swift' (2/65)
Linting 'MatchManagementViewModel.swift' (4/65)
Linting 'TournamentScheduleSetupViewModel.swift' (5/65)
Linting 'TournamentListViewModel.swift' (6/65)
Linting 'TournamentDetailViewModel.swift' (7/65)
Linting 'MessageInboxViewModel.swift' (8/65)
Linting 'TeamDetailViewModel.swift' (9/65)
Linting 'TeamListViewModel.swift' (10/65)
/Users/Icarus/Documents/project/bianlunmiao/bianlunmiao-ios/BianLunMiao/ViewModels/Team/TeamListViewModel.swift:14:1: warning: Vertical Whitespace Violation: Limit vertical whitespace to a single empty line; currently 3 (vertical_whitespace)
/Users/Icarus/Documents/project/bianlunmiao/bianlunmiao-ios/BianLunMiao/ViewModels/Message/MessageInboxViewModel.swift:39:1: warning: Vertical Whitespace Violation: Limit vertical whitespace to a single empty line; currently 3 (vertical_whitespace)
Linting 'MemberDetailViewModel.swift' (11/65)
Linting 'ProfileSettingsViewModel.swift' (12/65)
/Users/Icarus/Documents/project/bianlunmiao/bianlunmiao-ios/BianLunMiao/ViewModels/Tournament/TournamentListViewModel.swift:14:1: warning: Vertical Whitespace Violation: Limit vertical whitespace to a single empty line; currently 3 (vertical_whitespace)
Linting 'ComponentsActions.swift' (14/65)
Linting 'ComponentsCore.swift' (13/65)
/Users/Icarus/Documents/project/bianlunmiao/bianlunmiao-ios/BianLunMiao/ViewModels/Tournament/TournamentPublishViewModel.swift:14:1: warning: Vertical Whitespace Violation: Limit vertical whitespace to a single empty line; currently 3 (vertical_whitespace)
Linting 'ComponentsForm.swift' (15/65)
/Users/Icarus/Documents/project/bianlunmiao/bianlunmiao-ios/BianLunMiao/ViewModels/Tournament/MatchManagementViewModel.swift:14:1: warning: Vertical Whitespace Violation: Limit vertical whitespace to a single empty line; currently 3 (vertical_whitespace)
/Users/Icarus/Documents/project/bianlunmiao/bianlunmiao-ios/BianLunMiao/ViewModels/Tournament/TournamentScheduleSetupViewModel.swift:14:1: warning: Vertical Whitespace Violation: Limit vertical whitespace to a single empty line; currently 3 (vertical_whitespace)
Linting 'Theme.swift' (17/65)
Linting 'ComponentsFeedback.swift' (16/65)
/Users/Icarus/Documents/project/bianlunmiao/bianlunmiao-ios/BianLunMiao/ViewModels/Team/TeamDetailViewModel.swift:14:1: warning: Vertical Whitespace Violation: Limit vertical whitespace to a single empty line; currently 3 (vertical_whitespace)
Linting 'ComponentsButtonAPI.swift' (18/65)
/Users/Icarus/Documents/project/bianlunmiao/bianlunmiao-ios/BianLunMiao/ViewModels/Team/MemberDetailViewModel.swift:14:1: warning: Vertical Whitespace Violation: Limit vertical whitespace to a single empty line; currently 3 (vertical_whitespace)
Linting 'Tournament.swift' (19/65)
/Users/Icarus/Documents/project/bianlunmiao/bianlunmiao-ios/BianLunMiao/ViewModels/Tournament/TournamentDetailViewModel.swift:65:9: warning: Unneeded Synthesized Initializer Violation: This memberwise initializer would be synthesized automatically - you do not need to define it (unneeded_synthesized_initializer)
/Users/Icarus/Documents/project/bianlunmiao/bianlunmiao-ios/BianLunMiao/ViewModels/Tournament/TournamentDetailViewModel.swift:14:1: warning: Vertical Whitespace Violation: Limit vertical whitespace to a single empty line; currently 3 (vertical_whitespace)
Linting 'TeamJoinRequest.swift' (20/65)
/Users/Icarus/Documents/project/bianlunmiao/bianlunmiao-ios/BianLunMiao/ViewModels/Schedule/ScheduleViewModel.swift:45:1: warning: Vertical Whitespace Violation: Limit vertical whitespace to a single empty line; currently 3 (vertical_whitespace)
Linting 'Team.swift' (21/65)
Linting 'User.swift' (22/65)
Linting 'Match.swift' (23/65)
/Users/Icarus/Documents/project/bianlunmiao/bianlunmiao-ios/BianLunMiao/ViewModels/My/ProfileSettingsViewModel.swift:17:1: warning: Vertical Whitespace Violation: Limit vertical whitespace to a single empty line; currently 3 (vertical_whitespace)
Linting 'Roster.swift' (24/65)
Linting 'ScheduleSource.swift' (25/65)
Linting 'InboxMessage.swift' (26/65)
Linting 'AppStore+TeamHelpers.swift' (27/65)
Linting 'MockData.swift' (28/65)
Linting 'AppStore.swift' (29/65)
Linting 'ScheduleView.swift' (30/65)
/Users/Icarus/Documents/project/bianlunmiao/bianlunmiao-ios/BianLunMiao/DesignSystem/ComponentsActions.swift:95:1: warning: Vertical Whitespace Violation: Limit vertical whitespace to a single empty line; currently 5 (vertical_whitespace)
Linting 'ScheduleSourcePickerSheet.swift' (31/65)
/Users/Icarus/Documents/project/bianlunmiao/bianlunmiao-ios/BianLunMiao/Models/Match.swift:59:9: warning: Implicit Optional Initialization Violation: Optional should be implicitly initialized without nil (implicit_optional_initialization)
/Users/Icarus/Documents/project/bianlunmiao/bianlunmiao-ios/BianLunMiao/Models/Match.swift:63:9: warning: Implicit Optional Initialization Violation: Optional should be implicitly initialized without nil (implicit_optional_initialization)
/Users/Icarus/Documents/project/bianlunmiao/bianlunmiao-ios/BianLunMiao/Models/Match.swift:70:9: warning: Implicit Optional Initialization Violation: Optional should be implicitly initialized without nil (implicit_optional_initialization)
/Users/Icarus/Documents/project/bianlunmiao/bianlunmiao-ios/BianLunMiao/Models/Match.swift:75:9: warning: Implicit Optional Initialization Violation: Optional should be implicitly initialized without nil (implicit_optional_initialization)
/Users/Icarus/Documents/project/bianlunmiao/bianlunmiao-ios/BianLunMiao/Models/Match.swift:76:9: warning: Implicit Optional Initialization Violation: Optional should be implicitly initialized without nil (implicit_optional_initialization)
Linting 'ScheduleSourceManagementView.swift' (32/65)
Linting 'ScheduleView+CalendarSync.swift' (33/65)
Linting 'ScheduleBatchSyncSheet.swift' (34/65)
Linting 'ScheduleEventDetailComponents.swift' (35/65)
Linting 'TournamentListView.swift' (36/65)
Linting 'TournamentDetailView.swift' (37/65)
Linting 'CreateTournamentView.swift' (38/65)
Linting 'MatchManagementView.swift' (39/65)
Linting 'TournamentPublishView.swift' (40/65)
Linting 'TournamentScheduleSetupView.swift' (41/65)
Linting 'RosterEditView.swift' (42/65)
Linting 'TournamentListComponents.swift' (43/65)
/Users/Icarus/Documents/project/bianlunmiao/bianlunmiao-ios/BianLunMiao/Views/Tournament/Setup/TournamentPublishView.swift:40:27: warning: Multiple Closures with Trailing Closure Violation: Trailing closure syntax should not be used when passing more than one closure argument (multiple_closures_with_trailing_closure)
/Users/Icarus/Documents/project/bianlunmiao/bianlunmiao-ios/BianLunMiao/Views/Tournament/Setup/TournamentPublishView.swift:71:11: warning: Multiple Closures with Trailing Closure Violation: Trailing closure syntax should not be used when passing more than one closure argument (multiple_closures_with_trailing_closure)
Linting 'TournamentDetailComponents.swift' (44/65)
Linting 'TournamentSetupComponents.swift' (45/65)
Linting 'MessageInboxView.swift' (46/65)
/Users/Icarus/Documents/project/bianlunmiao/bianlunmiao-ios/BianLunMiao/Views/Schedule/ScheduleView.swift:622:1: warning: Vertical Whitespace Violation: Limit vertical whitespace to a single empty line; currently 3 (vertical_whitespace)
Linting 'JoinRequestMessageDetailView.swift' (47/65)
Linting 'MessageHubView.swift' (48/65)
Linting 'TeamRow.swift' (49/65)
Linting 'JoinTeamSheet.swift' (50/65)
Linting 'TeamSearchView.swift' (51/65)
Linting 'TeamDetailView.swift' (52/65)
/Users/Icarus/Documents/project/bianlunmiao/bianlunmiao-ios/BianLunMiao/Views/Tournament/Components/TournamentSetupComponents.swift:72:11: warning: Multiple Closures with Trailing Closure Violation: Trailing closure syntax should not be used when passing more than one closure argument (multiple_closures_with_trailing_closure)
Linting 'TeamListView.swift' (53/65)
Linting 'CreateTeamSheet.swift' (54/65)
Linting 'MemberDetailView.swift' (55/65)
Linting 'ProfileSettingsView.swift' (56/65)
Linting 'MyHubView.swift' (57/65)
Linting 'ProfileMoreView.swift' (58/65)
Linting 'ContentView.swift' (59/65)
Linting 'InboxScheduleProfileTests.swift' (60/65)
Linting 'TeamJoinRequestFlowTests.swift' (61/65)
Linting 'DesignGovernanceTests.swift' (62/65)
Linting 'BianLunMiaoTests.swift' (63/65)
/Users/Icarus/Documents/project/bianlunmiao/bianlunmiao-ios/BianLunMiao/Views/Team/TeamDetailView.swift:91:11: warning: Multiple Closures with Trailing Closure Violation: Trailing closure syntax should not be used when passing more than one closure argument (multiple_closures_with_trailing_closure)
Linting 'BianLunMiaoUITestsLaunchTests.swift' (64/65)
Linting 'BianLunMiaoUITests.swift' (65/65)
/Users/Icarus/Documents/project/bianlunmiao/bianlunmiao-ios/BianLunMiaoUITests/BianLunMiaoUITestsLaunchTests.swift:17:5: warning: Static Over Final Class Violation: Prefer `static` over `class` in a final class (static_over_final_class)
Done linting! Found 24 violations, 0 serious in 65 files.
